set pax_enable_sparse_filter = on;
create table pax_test.null_test_t(a int, b int, c text) using pax;
insert into pax_test.null_test_t(a) select null from generate_series(1,2)i;
insert into pax_test.null_test_t select 1, i, 'cc_' || i from generate_series(1,2)i;
insert into pax_test.null_test_t select 1, i, null from generate_series(1,2)i;
select * from pax_test.null_test_t t where t.* is null;
 a | b | c 
---+---+---
   |   | 
   |   | 
(2 rows)

select * from pax_test.null_test_t t where t.* is not null;
 a | b |  c   
---+---+------
 1 | 1 | cc_1
 1 | 2 | cc_2
(2 rows)

drop table pax_test.null_test_t;
-- start_matchignore
-- m/LOG:  statement:/
-- m/no filter/
-- m/No sparse filter/
-- end_matchignore
-- test cases for different column types: int, int8, bool, float, numeric, text, varchar, bpchar
create table pax_test.in_test_t(a int, b int8, c bool, d float, e numeric(20, 10), f text, g varchar(32), h char(32))
  using pax with(bloomfilter_columns='b,c,d,e,f,g,h');
insert into pax_test.in_test_t select 1,
case when i=1 then null else i end,
    't',
    i::float4,
    i::numeric(20, 10),
    't_' || i,
    'v_' || i,
    'bp_' || i
  from generate_series(1,10)i;
insert into pax_test.in_test_t select 1,
case when i=1 then null else i end,
    'f',
    i::float4,
    i::numeric(20, 10),
    't_' || i,
    'v_' || i,
    'bp_' || i
  from generate_series(20,30)i;
set client_min_messages = log;
explain select * from pax_test.in_test_t where b in (1, null);
                                     QUERY PLAN                                     
------------------------------------------------------------------------------------
 Vec Gather Motion 3:1  (slice1; segments: 3)  (cost=0.00..77.05 rows=10 width=287)
   ->  Vec Seq Scan on in_test_t  (cost=0.00..76.92 rows=3 width=287)
         Filter: (b = ANY ('{1,NULL}'::bigint[]))
 Optimizer: Postgres query optimizer
(4 rows)

select * from pax_test.in_test_t where b in (1, null);
LOG:  kind file, filter rate: 1 / 2
kind group, filter rate: 0 / 1
 a | b | c | d | e | f | g | h 
---+---+---+---+---+---+---+---
(0 rows)

explain select * from pax_test.in_test_t where b in (2, 3);
                                     QUERY PLAN                                     
------------------------------------------------------------------------------------
 Vec Gather Motion 3:1  (slice1; segments: 3)  (cost=0.00..77.19 rows=21 width=287)
   ->  Vec Seq Scan on in_test_t  (cost=0.00..76.92 rows=7 width=287)
         Filter: (b = ANY ('{2,3}'::bigint[]))
 Optimizer: Postgres query optimizer
(4 rows)

select * from pax_test.in_test_t where b in (2, 3);
LOG:  kind file, filter rate: 1 / 2
kind group, filter rate: 0 / 1
 a | b | c | d |      e       |  f  |  g  |                h                 
---+---+---+---+--------------+-----+-----+----------------------------------
 1 | 2 | t | 2 | 2.0000000000 | t_2 | v_2 | bp_2                            
 1 | 3 | t | 3 | 3.0000000000 | t_3 | v_3 | bp_3                            
(2 rows)

explain select * from pax_test.in_test_t where c in ('t');
                                      QUERY PLAN                                       
---------------------------------------------------------------------------------------
 Vec Gather Motion 3:1  (slice1; segments: 3)  (cost=0.00..137.00 rows=5150 width=287)
   ->  Vec Seq Scan on in_test_t  (cost=0.00..68.33 rows=1717 width=287)
         Filter: c
 Optimizer: Postgres query optimizer
(4 rows)

explain select * from pax_test.in_test_t where c in ('f');
                                      QUERY PLAN                                       
---------------------------------------------------------------------------------------
 Vec Gather Motion 3:1  (slice1; segments: 3)  (cost=0.00..137.00 rows=5150 width=287)
   ->  Vec Seq Scan on in_test_t  (cost=0.00..68.33 rows=1717 width=287)
         Filter: (NOT c)
 Optimizer: Postgres query optimizer
(4 rows)

select * from pax_test.in_test_t where c in ('t');
LOG:  kind file, filter rate: 0 / 2
 a | b  | c | d  |       e       |  f   |  g   |                h                 
---+----+---+----+---------------+------+------+----------------------------------
 1 |    | t |  1 |  1.0000000000 | t_1  | v_1  | bp_1                            
 1 |  2 | t |  2 |  2.0000000000 | t_2  | v_2  | bp_2                            
 1 |  3 | t |  3 |  3.0000000000 | t_3  | v_3  | bp_3                            
 1 |  4 | t |  4 |  4.0000000000 | t_4  | v_4  | bp_4                            
 1 |  5 | t |  5 |  5.0000000000 | t_5  | v_5  | bp_5                            
 1 |  6 | t |  6 |  6.0000000000 | t_6  | v_6  | bp_6                            
 1 |  7 | t |  7 |  7.0000000000 | t_7  | v_7  | bp_7                            
 1 |  8 | t |  8 |  8.0000000000 | t_8  | v_8  | bp_8                            
 1 |  9 | t |  9 |  9.0000000000 | t_9  | v_9  | bp_9                            
 1 | 10 | t | 10 | 10.0000000000 | t_10 | v_10 | bp_10                           
(10 rows)

select * from pax_test.in_test_t where c in ('f');
LOG:  kind file, filter rate: 0 / 2
 a | b  | c | d  |       e       |  f   |  g   |                h                 
---+----+---+----+---------------+------+------+----------------------------------
 1 | 20 | f | 20 | 20.0000000000 | t_20 | v_20 | bp_20                           
 1 | 21 | f | 21 | 21.0000000000 | t_21 | v_21 | bp_21                           
 1 | 22 | f | 22 | 22.0000000000 | t_22 | v_22 | bp_22                           
 1 | 23 | f | 23 | 23.0000000000 | t_23 | v_23 | bp_23                           
 1 | 24 | f | 24 | 24.0000000000 | t_24 | v_24 | bp_24                           
 1 | 25 | f | 25 | 25.0000000000 | t_25 | v_25 | bp_25                           
 1 | 26 | f | 26 | 26.0000000000 | t_26 | v_26 | bp_26                           
 1 | 27 | f | 27 | 27.0000000000 | t_27 | v_27 | bp_27                           
 1 | 28 | f | 28 | 28.0000000000 | t_28 | v_28 | bp_28                           
 1 | 29 | f | 29 | 29.0000000000 | t_29 | v_29 | bp_29                           
 1 | 30 | f | 30 | 30.0000000000 | t_30 | v_30 | bp_30                           
(11 rows)

explain select * from pax_test.in_test_t where d in (2.0, 4.0);
                                     QUERY PLAN                                     
------------------------------------------------------------------------------------
 Vec Gather Motion 3:1  (slice1; segments: 3)  (cost=0.00..77.19 rows=21 width=287)
   ->  Vec Seq Scan on in_test_t  (cost=0.00..76.92 rows=7 width=287)
         Filter: (d = ANY ('{2,4}'::double precision[]))
 Optimizer: Postgres query optimizer
(4 rows)

select * from pax_test.in_test_t where d in (2.0, 4.0);
LOG:  kind file, filter rate: 1 / 2
kind group, filter rate: 0 / 1
 a | b | c | d |      e       |  f  |  g  |                h                 
---+---+---+---+--------------+-----+-----+----------------------------------
 1 | 2 | t | 2 | 2.0000000000 | t_2 | v_2 | bp_2                            
 1 | 4 | t | 4 | 4.0000000000 | t_4 | v_4 | bp_4                            
(2 rows)

explain select * from pax_test.in_test_t where e in (2.0, 4.0);
                                   QUERY PLAN                                   
--------------------------------------------------------------------------------
 Gather Motion 3:1  (slice1; segments: 3)  (cost=0.00..77.19 rows=21 width=287)
   ->  Seq Scan on in_test_t  (cost=0.00..76.92 rows=7 width=287)
         Filter: (e = ANY ('{2.0,4.0}'::numeric[]))
 Optimizer: Postgres query optimizer
(4 rows)

select * from pax_test.in_test_t where e in (2.0, 4.0);
LOG:  kind file, filter rate: 0 / 2
 a | b | c | d |      e       |  f  |  g  |                h                 
---+---+---+---+--------------+-----+-----+----------------------------------
 1 | 2 | t | 2 | 2.0000000000 | t_2 | v_2 | bp_2                            
 1 | 4 | t | 4 | 4.0000000000 | t_4 | v_4 | bp_4                            
(2 rows)

explain select * from pax_test.in_test_t where f in ('t_2', 't_4');
                                     QUERY PLAN                                     
------------------------------------------------------------------------------------
 Vec Gather Motion 3:1  (slice1; segments: 3)  (cost=0.00..77.19 rows=21 width=287)
   ->  Vec Seq Scan on in_test_t  (cost=0.00..76.92 rows=7 width=287)
         Filter: (f = ANY ('{t_2,t_4}'::text[]))
 Optimizer: Postgres query optimizer
(4 rows)

select * from pax_test.in_test_t where f in ('t_2', 't_4');
LOG:  kind file, filter rate: 1 / 2
kind group, filter rate: 0 / 1
 a | b | c | d |      e       |  f  |  g  |                h                 
---+---+---+---+--------------+-----+-----+----------------------------------
 1 | 2 | t | 2 | 2.0000000000 | t_2 | v_2 | bp_2                            
 1 | 4 | t | 4 | 4.0000000000 | t_4 | v_4 | bp_4                            
(2 rows)

explain select * from pax_test.in_test_t where g in ('v_2', 'v_4');
                                     QUERY PLAN                                     
------------------------------------------------------------------------------------
 Vec Gather Motion 3:1  (slice1; segments: 3)  (cost=0.00..77.19 rows=21 width=287)
   ->  Vec Seq Scan on in_test_t  (cost=0.00..76.92 rows=7 width=287)
         Filter: ((g)::text = ANY ('{v_2,v_4}'::text[]))
 Optimizer: Postgres query optimizer
(4 rows)

select * from pax_test.in_test_t where g in ('v_2', 'v_4');
LOG:  kind file, filter rate: 1 / 2
kind group, filter rate: 0 / 1
 a | b | c | d |      e       |  f  |  g  |                h                 
---+---+---+---+--------------+-----+-----+----------------------------------
 1 | 2 | t | 2 | 2.0000000000 | t_2 | v_2 | bp_2                            
 1 | 4 | t | 4 | 4.0000000000 | t_4 | v_4 | bp_4                            
(2 rows)

explain select * from pax_test.in_test_t where h in ('bp_2', 'bp_4');
                                     QUERY PLAN                                     
------------------------------------------------------------------------------------
 Vec Gather Motion 3:1  (slice1; segments: 3)  (cost=0.00..77.19 rows=21 width=287)
   ->  Vec Seq Scan on in_test_t  (cost=0.00..76.92 rows=7 width=287)
         Filter: (h = ANY ('{bp_2,bp_4}'::bpchar[]))
 Optimizer: Postgres query optimizer
(4 rows)

select * from pax_test.in_test_t where h in ('bp_2', 'bp_4');
LOG:  kind file, filter rate: 1 / 2
kind group, filter rate: 0 / 1
 a | b | c | d |      e       |  f  |  g  |                h                 
---+---+---+---+--------------+-----+-----+----------------------------------
 1 | 2 | t | 2 | 2.0000000000 | t_2 | v_2 | bp_2                            
 1 | 4 | t | 4 | 4.0000000000 | t_4 | v_4 | bp_4                            
(2 rows)

reset client_min_messages;
drop table pax_test.in_test_t;
reset pax_enable_sparse_filter;
